Arguments: 
  C:\Program Files\nodejs\node.exe C:\Program Files (x86)\Yarn\bin\yarn.js

PATH: 
  C:\Users\Batbakarrik\Downloads\cmder_mini\bin;C:\Users\Batbakarrik\Downloads\cmder_mini\vendor\bin;C:\Users\Batbakarrik\Downloads\cmder_mini\vendor\conemu-maximus5\ConEmu\Scripts;C:\Users\Batbakarrik\Downloads\cmder_mini\vendor\conemu-maximus5;C:\Users\Batbakarrik\Downloads\cmder_mini\vendor\conemu-maximus5\ConEmu;C:\Program Files\AdoptOpenJDK\jdk-11.0.6.10-hotspot\bin;C:\Python27\;C:\Python27\Scripts;C:\Program Files (x86)\Common Files\Oracle\Java\javapath;C:\WINDOWS\system32;C:\WINDOWS;C:\WINDOWS\System32\Wbem;C:\WINDOWS\System32\WindowsPowerShell\v1.0\;C:\Program Files\PuTTY\;C:\WINDOWS\System32\OpenSSH\;C:\Program Files\dotnet\;C:\Program Files\Git\cmd;C:\Program Files\Microsoft SQL Server\130\Tools\Binn\;C:\Program Files\MySQL\MySQL Utilities 1.6\;C:\ProgramData\chocolatey\bin;C:\Program Files\Java\jdk1.8.0_231\bin;C:\Program Files (x86)\Yarn\bin\;C:\Program Files\nodejs\;C:\Users\Batbakarrik\AppData\Local\Android\Sdk\platform-tools;C:\Users\Batbakarrik\AppData\Local\Android\Sdk;C:\Users\Batbakarrik\.windows-build-tools\python27\;C:\Users\Batbakarrik\.windows-build-tools\python27\;C:\Users\Batbakarrik\AppData\Local\Microsoft\WindowsApps;C:\Users\Propriétaire\AppData\Local\Programs\Microsoft VS Code\bin;C:\Users\Propriétaire\AppData\Roaming\npm;C:\Users\Batbakarrik\AppData\Local\Programs\Microsoft VS Code\bin;C:\Users\Batbakarrik\AppData\Local\Android\Sdk\platform-tools;C:\Users\Batbakarrik\AppData\Local\Yarn\bin;C:\Users\Batbakarrik\AppData\Roaming\npm;C:\Users\Batbakarrik\AppData\Local\Android\Sdk\tools;C:\Program Files\Git\mingw64\bin;C:\Program Files\Git\usr\bin;C:\Users\Batbakarrik\Downloads\cmder_mini

Yarn version: 
  1.22.4

Node version: 
  12.13.0

Platform: 
  win32 x64

Trace: 
  Error: read ECONNRESET
      at TLSWrap.onStreamRead (internal/stream_base_commons.js:201:27)

npm manifest: 
  {
    "main": "node_modules/expo/AppEntry.js",
    "scripts": {
      "start": "expo start",
      "android": "expo start --android",
      "ios": "expo start --ios",
      "web": "expo start --web",
      "eject": "expo eject"
    },
    "dependencies": {
      "@react-native-community/masked-view": "^0.1.10",
      "antd-mobile": "^2.3.3",
      "expo": "~38.0.9",
      "firebase": "^7.17.1",
      "google-auth-library": "^6.0.6",
      "metro-config": "^0.61.0",
      "react": "~16.13.1",
      "react-dom": "~16.13.1",
      "react-gesture-handler": "0.0.4",
      "react-native": "https://github.com/expo/react-native/archive/sdk-38.0.0.tar.gz",
      "react-native-gesture-handler": "^1.7.0",
      "react-native-material-dropdown": "^0.11.1",
      "react-native-reanimated": "^1.10.1",
      "react-native-safe-area-context": "3.1.1",
      "react-native-screens": "^2.10.0",
      "react-native-web": "^0.13.5",
      "react-navigation": "^4.4.0",
      "react-navigation-stack": "^2.8.2",
      "react-navigation-tabs": "^2.9.0"
    },
    "devDependencies": {
      "babel-preset-expo": "~8.2.3"
    },
    "private": true
  }

yarn manifest: 
  No manifest

Lockfile: 
  No lockfile
